

Started GET "/" for ::1 at 2016-05-05 17:55:44 +0200
Processing by Rails::WelcomeController#index as HTML
  Rendered /Users/Dell/.rbenv/versions/2.3.0/lib/ruby/gems/2.3.0/gems/railties-4.2.6/lib/rails/templates/rails/welcome/index.html.erb (6.0ms)
Completed 200 OK in 74ms (Views: 49.9ms)


Started GET "/" for ::1 at 2016-05-05 17:55:48 +0200
Processing by Rails::WelcomeController#index as HTML
  Rendered /Users/Dell/.rbenv/versions/2.3.0/lib/ruby/gems/2.3.0/gems/railties-4.2.6/lib/rails/templates/rails/welcome/index.html.erb (0.1ms)
Completed 200 OK in 3ms (Views: 3.1ms)


Started GET "/operation" for ::1 at 2016-05-05 17:55:50 +0200

ActionController::RoutingError (uninitialized constant OperationsController):
  activesupport (4.2.6) lib/active_support/inflector/methods.rb:261:in `const_get'
  activesupport (4.2.6) lib/active_support/inflector/methods.rb:261:in `block in constantize'
  activesupport (4.2.6) lib/active_support/inflector/methods.rb:259:in `each'
  activesupport (4.2.6) lib/active_support/inflector/methods.rb:259:in `inject'
  activesupport (4.2.6) lib/active_support/inflector/methods.rb:259:in `constantize'
  actionpack (4.2.6) lib/action_dispatch/routing/route_set.rb:70:in `controller_reference'
  actionpack (4.2.6) lib/action_dispatch/routing/route_set.rb:60:in `controller'
  actionpack (4.2.6) lib/action_dispatch/routing/route_set.rb:39:in `serve'
  actionpack (4.2.6) lib/action_dispatch/journey/router.rb:43:in `block in serve'
  actionpack (4.2.6) lib/action_dispatch/journey/router.rb:30:in `each'
  actionpack (4.2.6) lib/action_dispatch/journey/router.rb:30:in `serve'
  actionpack (4.2.6) lib/action_dispatch/routing/route_set.rb:817:in `call'
  rack (1.6.4) lib/rack/etag.rb:24:in `call'
  rack (1.6.4) lib/rack/conditionalget.rb:25:in `call'
  rack (1.6.4) lib/rack/head.rb:13:in `call'
  actionpack (4.2.6) lib/action_dispatch/middleware/params_parser.rb:27:in `call'
  actionpack (4.2.6) lib/action_dispatch/middleware/flash.rb:260:in `call'
  rack (1.6.4) lib/rack/session/abstract/id.rb:225:in `context'
  rack (1.6.4) lib/rack/session/abstract/id.rb:220:in `call'
  actionpack (4.2.6) lib/action_dispatch/middleware/cookies.rb:560:in `call'
  actionpack (4.2.6) lib/action_dispatch/middleware/callbacks.rb:29:in `block in call'
  activesupport (4.2.6) lib/active_support/callbacks.rb:88:in `__run_callbacks__'
  activesupport (4.2.6) lib/active_support/callbacks.rb:778:in `_run_call_callbacks'
  activesupport (4.2.6) lib/active_support/callbacks.rb:81:in `run_callbacks'
  actionpack (4.2.6) lib/action_dispatch/middleware/callbacks.rb:27:in `call'
  actionpack (4.2.6) lib/action_dispatch/middleware/reloader.rb:73:in `call'
  actionpack (4.2.6) lib/action_dispatch/middleware/remote_ip.rb:78:in `call'
  actionpack (4.2.6) lib/action_dispatch/middleware/debug_exceptions.rb:17:in `call'
  web-console (2.3.0) lib/web_console/middleware.rb:28:in `block in call'
  web-console (2.3.0) lib/web_console/middleware.rb:18:in `catch'
  web-console (2.3.0) lib/web_console/middleware.rb:18:in `call'
  actionpack (4.2.6) lib/action_dispatch/middleware/show_exceptions.rb:30:in `call'
  railties (4.2.6) lib/rails/rack/logger.rb:38:in `call_app'
  railties (4.2.6) lib/rails/rack/logger.rb:20:in `block in call'
  activesupport (4.2.6) lib/active_support/tagged_logging.rb:68:in `block in tagged'
  activesupport (4.2.6) lib/active_support/tagged_logging.rb:26:in `tagged'
  activesupport (4.2.6) lib/active_support/tagged_logging.rb:68:in `tagged'
  railties (4.2.6) lib/rails/rack/logger.rb:20:in `call'
  actionpack (4.2.6) lib/action_dispatch/middleware/request_id.rb:21:in `call'
  rack (1.6.4) lib/rack/methodoverride.rb:22:in `call'
  rack (1.6.4) lib/rack/runtime.rb:18:in `call'
  activesupport (4.2.6) lib/active_support/cache/strategy/local_cache_middleware.rb:28:in `call'
  rack (1.6.4) lib/rack/lock.rb:17:in `call'
  actionpack (4.2.6) lib/action_dispatch/middleware/static.rb:120:in `call'
  rack (1.6.4) lib/rack/sendfile.rb:113:in `call'
  railties (4.2.6) lib/rails/engine.rb:518:in `call'
  railties (4.2.6) lib/rails/application.rb:165:in `call'
  rack (1.6.4) lib/rack/lock.rb:17:in `call'
  rack (1.6.4) lib/rack/content_length.rb:15:in `call'
  rack (1.6.4) lib/rack/handler/webrick.rb:88:in `service'
  /Users/Dell/.rbenv/versions/2.3.0/lib/ruby/2.3.0/webrick/httpserver.rb:140:in `service'
  /Users/Dell/.rbenv/versions/2.3.0/lib/ruby/2.3.0/webrick/httpserver.rb:96:in `run'
  /Users/Dell/.rbenv/versions/2.3.0/lib/ruby/2.3.0/webrick/server.rb:296:in `block in start_thread'


  Rendered /Users/Dell/.rbenv/versions/2.3.0/lib/ruby/gems/2.3.0/gems/actionpack-4.2.6/lib/action_dispatch/middleware/templates/rescues/_trace.html.erb (2.3ms)
  Rendered /Users/Dell/.rbenv/versions/2.3.0/lib/ruby/gems/2.3.0/gems/actionpack-4.2.6/lib/action_dispatch/middleware/templates/routes/_route.html.erb (2.6ms)
  Rendered /Users/Dell/.rbenv/versions/2.3.0/lib/ruby/gems/2.3.0/gems/actionpack-4.2.6/lib/action_dispatch/middleware/templates/routes/_table.html.erb (15.8ms)
  Rendered /Users/Dell/.rbenv/versions/2.3.0/lib/ruby/gems/2.3.0/gems/actionpack-4.2.6/lib/action_dispatch/middleware/templates/rescues/_request_and_response.html.erb (1.3ms)
  Rendered /Users/Dell/.rbenv/versions/2.3.0/lib/ruby/gems/2.3.0/gems/actionpack-4.2.6/lib/action_dispatch/middleware/templates/rescues/routing_error.html.erb within rescues/layout (153.3ms)
  Rendered /Users/Dell/.rbenv/versions/2.3.0/lib/ruby/gems/2.3.0/gems/web-console-2.3.0/lib/web_console/templates/_markup.html.erb (0.5ms)
  Rendered /Users/Dell/.rbenv/versions/2.3.0/lib/ruby/gems/2.3.0/gems/web-console-2.3.0/lib/web_console/templates/_inner_console_markup.html.erb within layouts/inlined_string (0.5ms)
  Rendered /Users/Dell/.rbenv/versions/2.3.0/lib/ruby/gems/2.3.0/gems/web-console-2.3.0/lib/web_console/templates/_prompt_box_markup.html.erb within layouts/inlined_string (0.5ms)
  Rendered /Users/Dell/.rbenv/versions/2.3.0/lib/ruby/gems/2.3.0/gems/web-console-2.3.0/lib/web_console/templates/style.css.erb within layouts/inlined_string (0.6ms)
  Rendered /Users/Dell/.rbenv/versions/2.3.0/lib/ruby/gems/2.3.0/gems/web-console-2.3.0/lib/web_console/templates/console.js.erb within layouts/javascript (440.7ms)
  Rendered /Users/Dell/.rbenv/versions/2.3.0/lib/ruby/gems/2.3.0/gems/web-console-2.3.0/lib/web_console/templates/main.js.erb within layouts/javascript (0.4ms)
  Rendered /Users/Dell/.rbenv/versions/2.3.0/lib/ruby/gems/2.3.0/gems/web-console-2.3.0/lib/web_console/templates/error_page.js.erb within layouts/javascript (0.6ms)
  Rendered /Users/Dell/.rbenv/versions/2.3.0/lib/ruby/gems/2.3.0/gems/web-console-2.3.0/lib/web_console/templates/index.html.erb (602.5ms)


Started GET "/operation" for ::1 at 2016-05-05 17:56:18 +0200

ActionController::RoutingError (uninitialized constant OperationsController):
  activesupport (4.2.6) lib/active_support/inflector/methods.rb:261:in `const_get'
  activesupport (4.2.6) lib/active_support/inflector/methods.rb:261:in `block in constantize'
  activesupport (4.2.6) lib/active_support/inflector/methods.rb:259:in `each'
  activesupport (4.2.6) lib/active_support/inflector/methods.rb:259:in `inject'
  activesupport (4.2.6) lib/active_support/inflector/methods.rb:259:in `constantize'
  actionpack (4.2.6) lib/action_dispatch/routing/route_set.rb:70:in `controller_reference'
  actionpack (4.2.6) lib/action_dispatch/routing/route_set.rb:60:in `controller'
  actionpack (4.2.6) lib/action_dispatch/routing/route_set.rb:39:in `serve'
  actionpack (4.2.6) lib/action_dispatch/journey/router.rb:43:in `block in serve'
  actionpack (4.2.6) lib/action_dispatch/journey/router.rb:30:in `each'
  actionpack (4.2.6) lib/action_dispatch/journey/router.rb:30:in `serve'
  actionpack (4.2.6) lib/action_dispatch/routing/route_set.rb:817:in `call'
  rack (1.6.4) lib/rack/etag.rb:24:in `call'
  rack (1.6.4) lib/rack/conditionalget.rb:25:in `call'
  rack (1.6.4) lib/rack/head.rb:13:in `call'
  actionpack (4.2.6) lib/action_dispatch/middleware/params_parser.rb:27:in `call'
  actionpack (4.2.6) lib/action_dispatch/middleware/flash.rb:260:in `call'
  rack (1.6.4) lib/rack/session/abstract/id.rb:225:in `context'
  rack (1.6.4) lib/rack/session/abstract/id.rb:220:in `call'
  actionpack (4.2.6) lib/action_dispatch/middleware/cookies.rb:560:in `call'
  actionpack (4.2.6) lib/action_dispatch/middleware/callbacks.rb:29:in `block in call'
  activesupport (4.2.6) lib/active_support/callbacks.rb:88:in `__run_callbacks__'
  activesupport (4.2.6) lib/active_support/callbacks.rb:778:in `_run_call_callbacks'
  activesupport (4.2.6) lib/active_support/callbacks.rb:81:in `run_callbacks'
  actionpack (4.2.6) lib/action_dispatch/middleware/callbacks.rb:27:in `call'
  actionpack (4.2.6) lib/action_dispatch/middleware/reloader.rb:73:in `call'
  actionpack (4.2.6) lib/action_dispatch/middleware/remote_ip.rb:78:in `call'
  actionpack (4.2.6) lib/action_dispatch/middleware/debug_exceptions.rb:17:in `call'
  web-console (2.3.0) lib/web_console/middleware.rb:28:in `block in call'
  web-console (2.3.0) lib/web_console/middleware.rb:18:in `catch'
  web-console (2.3.0) lib/web_console/middleware.rb:18:in `call'
  actionpack (4.2.6) lib/action_dispatch/middleware/show_exceptions.rb:30:in `call'
  railties (4.2.6) lib/rails/rack/logger.rb:38:in `call_app'
  railties (4.2.6) lib/rails/rack/logger.rb:20:in `block in call'
  activesupport (4.2.6) lib/active_support/tagged_logging.rb:68:in `block in tagged'
  activesupport (4.2.6) lib/active_support/tagged_logging.rb:26:in `tagged'
  activesupport (4.2.6) lib/active_support/tagged_logging.rb:68:in `tagged'
  railties (4.2.6) lib/rails/rack/logger.rb:20:in `call'
  actionpack (4.2.6) lib/action_dispatch/middleware/request_id.rb:21:in `call'
  rack (1.6.4) lib/rack/methodoverride.rb:22:in `call'
  rack (1.6.4) lib/rack/runtime.rb:18:in `call'
  activesupport (4.2.6) lib/active_support/cache/strategy/local_cache_middleware.rb:28:in `call'
  rack (1.6.4) lib/rack/lock.rb:17:in `call'
  actionpack (4.2.6) lib/action_dispatch/middleware/static.rb:120:in `call'
  rack (1.6.4) lib/rack/sendfile.rb:113:in `call'
  railties (4.2.6) lib/rails/engine.rb:518:in `call'
  railties (4.2.6) lib/rails/application.rb:165:in `call'
  rack (1.6.4) lib/rack/lock.rb:17:in `call'
  rack (1.6.4) lib/rack/content_length.rb:15:in `call'
  rack (1.6.4) lib/rack/handler/webrick.rb:88:in `service'
  /Users/Dell/.rbenv/versions/2.3.0/lib/ruby/2.3.0/webrick/httpserver.rb:140:in `service'
  /Users/Dell/.rbenv/versions/2.3.0/lib/ruby/2.3.0/webrick/httpserver.rb:96:in `run'
  /Users/Dell/.rbenv/versions/2.3.0/lib/ruby/2.3.0/webrick/server.rb:296:in `block in start_thread'


  Rendered /Users/Dell/.rbenv/versions/2.3.0/lib/ruby/gems/2.3.0/gems/actionpack-4.2.6/lib/action_dispatch/middleware/templates/rescues/_trace.html.erb (2.5ms)
  Rendered /Users/Dell/.rbenv/versions/2.3.0/lib/ruby/gems/2.3.0/gems/actionpack-4.2.6/lib/action_dispatch/middleware/templates/routes/_route.html.erb (1.1ms)
  Rendered /Users/Dell/.rbenv/versions/2.3.0/lib/ruby/gems/2.3.0/gems/actionpack-4.2.6/lib/action_dispatch/middleware/templates/routes/_table.html.erb (1.9ms)
  Rendered /Users/Dell/.rbenv/versions/2.3.0/lib/ruby/gems/2.3.0/gems/actionpack-4.2.6/lib/action_dispatch/middleware/templates/rescues/_request_and_response.html.erb (1.3ms)
  Rendered /Users/Dell/.rbenv/versions/2.3.0/lib/ruby/gems/2.3.0/gems/actionpack-4.2.6/lib/action_dispatch/middleware/templates/rescues/routing_error.html.erb within rescues/layout (121.5ms)
  Rendered /Users/Dell/.rbenv/versions/2.3.0/lib/ruby/gems/2.3.0/gems/web-console-2.3.0/lib/web_console/templates/_markup.html.erb (0.6ms)
  Rendered /Users/Dell/.rbenv/versions/2.3.0/lib/ruby/gems/2.3.0/gems/web-console-2.3.0/lib/web_console/templates/_inner_console_markup.html.erb within layouts/inlined_string (0.4ms)
  Rendered /Users/Dell/.rbenv/versions/2.3.0/lib/ruby/gems/2.3.0/gems/web-console-2.3.0/lib/web_console/templates/_prompt_box_markup.html.erb within layouts/inlined_string (0.4ms)
  Rendered /Users/Dell/.rbenv/versions/2.3.0/lib/ruby/gems/2.3.0/gems/web-console-2.3.0/lib/web_console/templates/style.css.erb within layouts/inlined_string (0.5ms)
  Rendered /Users/Dell/.rbenv/versions/2.3.0/lib/ruby/gems/2.3.0/gems/web-console-2.3.0/lib/web_console/templates/console.js.erb within layouts/javascript (91.7ms)
  Rendered /Users/Dell/.rbenv/versions/2.3.0/lib/ruby/gems/2.3.0/gems/web-console-2.3.0/lib/web_console/templates/main.js.erb within layouts/javascript (0.4ms)
  Rendered /Users/Dell/.rbenv/versions/2.3.0/lib/ruby/gems/2.3.0/gems/web-console-2.3.0/lib/web_console/templates/error_page.js.erb within layouts/javascript (0.5ms)
  Rendered /Users/Dell/.rbenv/versions/2.3.0/lib/ruby/gems/2.3.0/gems/web-console-2.3.0/lib/web_console/templates/index.html.erb (193.0ms)


Started GET "/operation" for ::1 at 2016-05-05 17:56:38 +0200

ActionController::RoutingError (uninitialized constant OperationsController):
  activesupport (4.2.6) lib/active_support/inflector/methods.rb:261:in `const_get'
  activesupport (4.2.6) lib/active_support/inflector/methods.rb:261:in `block in constantize'
  activesupport (4.2.6) lib/active_support/inflector/methods.rb:259:in `each'
  activesupport (4.2.6) lib/active_support/inflector/methods.rb:259:in `inject'
  activesupport (4.2.6) lib/active_support/inflector/methods.rb:259:in `constantize'
  actionpack (4.2.6) lib/action_dispatch/routing/route_set.rb:70:in `controller_reference'
  actionpack (4.2.6) lib/action_dispatch/routing/route_set.rb:60:in `controller'
  actionpack (4.2.6) lib/action_dispatch/routing/route_set.rb:39:in `serve'
  actionpack (4.2.6) lib/action_dispatch/journey/router.rb:43:in `block in serve'
  actionpack (4.2.6) lib/action_dispatch/journey/router.rb:30:in `each'
  actionpack (4.2.6) lib/action_dispatch/journey/router.rb:30:in `serve'
  actionpack (4.2.6) lib/action_dispatch/routing/route_set.rb:817:in `call'
  rack (1.6.4) lib/rack/etag.rb:24:in `call'
  rack (1.6.4) lib/rack/conditionalget.rb:25:in `call'
  rack (1.6.4) lib/rack/head.rb:13:in `call'
  actionpack (4.2.6) lib/action_dispatch/middleware/params_parser.rb:27:in `call'
  actionpack (4.2.6) lib/action_dispatch/middleware/flash.rb:260:in `call'
  rack (1.6.4) lib/rack/session/abstract/id.rb:225:in `context'
  rack (1.6.4) lib/rack/session/abstract/id.rb:220:in `call'
  actionpack (4.2.6) lib/action_dispatch/middleware/cookies.rb:560:in `call'
  actionpack (4.2.6) lib/action_dispatch/middleware/callbacks.rb:29:in `block in call'
  activesupport (4.2.6) lib/active_support/callbacks.rb:88:in `__run_callbacks__'
  activesupport (4.2.6) lib/active_support/callbacks.rb:778:in `_run_call_callbacks'
  activesupport (4.2.6) lib/active_support/callbacks.rb:81:in `run_callbacks'
  actionpack (4.2.6) lib/action_dispatch/middleware/callbacks.rb:27:in `call'
  actionpack (4.2.6) lib/action_dispatch/middleware/reloader.rb:73:in `call'
  actionpack (4.2.6) lib/action_dispatch/middleware/remote_ip.rb:78:in `call'
  actionpack (4.2.6) lib/action_dispatch/middleware/debug_exceptions.rb:17:in `call'
  web-console (2.3.0) lib/web_console/middleware.rb:28:in `block in call'
  web-console (2.3.0) lib/web_console/middleware.rb:18:in `catch'
  web-console (2.3.0) lib/web_console/middleware.rb:18:in `call'
  actionpack (4.2.6) lib/action_dispatch/middleware/show_exceptions.rb:30:in `call'
  railties (4.2.6) lib/rails/rack/logger.rb:38:in `call_app'
  railties (4.2.6) lib/rails/rack/logger.rb:20:in `block in call'
  activesupport (4.2.6) lib/active_support/tagged_logging.rb:68:in `block in tagged'
  activesupport (4.2.6) lib/active_support/tagged_logging.rb:26:in `tagged'
  activesupport (4.2.6) lib/active_support/tagged_logging.rb:68:in `tagged'
  railties (4.2.6) lib/rails/rack/logger.rb:20:in `call'
  actionpack (4.2.6) lib/action_dispatch/middleware/request_id.rb:21:in `call'
  rack (1.6.4) lib/rack/methodoverride.rb:22:in `call'
  rack (1.6.4) lib/rack/runtime.rb:18:in `call'
  activesupport (4.2.6) lib/active_support/cache/strategy/local_cache_middleware.rb:28:in `call'
  rack (1.6.4) lib/rack/lock.rb:17:in `call'
  actionpack (4.2.6) lib/action_dispatch/middleware/static.rb:120:in `call'
  rack (1.6.4) lib/rack/sendfile.rb:113:in `call'
  railties (4.2.6) lib/rails/engine.rb:518:in `call'
  railties (4.2.6) lib/rails/application.rb:165:in `call'
  rack (1.6.4) lib/rack/lock.rb:17:in `call'
  rack (1.6.4) lib/rack/content_length.rb:15:in `call'
  rack (1.6.4) lib/rack/handler/webrick.rb:88:in `service'
  /Users/Dell/.rbenv/versions/2.3.0/lib/ruby/2.3.0/webrick/httpserver.rb:140:in `service'
  /Users/Dell/.rbenv/versions/2.3.0/lib/ruby/2.3.0/webrick/httpserver.rb:96:in `run'
  /Users/Dell/.rbenv/versions/2.3.0/lib/ruby/2.3.0/webrick/server.rb:296:in `block in start_thread'


  Rendered /Users/Dell/.rbenv/versions/2.3.0/lib/ruby/gems/2.3.0/gems/actionpack-4.2.6/lib/action_dispatch/middleware/templates/rescues/_trace.html.erb (2.3ms)
  Rendered /Users/Dell/.rbenv/versions/2.3.0/lib/ruby/gems/2.3.0/gems/actionpack-4.2.6/lib/action_dispatch/middleware/templates/routes/_route.html.erb (1.0ms)
  Rendered /Users/Dell/.rbenv/versions/2.3.0/lib/ruby/gems/2.3.0/gems/actionpack-4.2.6/lib/action_dispatch/middleware/templates/routes/_table.html.erb (12.7ms)
  Rendered /Users/Dell/.rbenv/versions/2.3.0/lib/ruby/gems/2.3.0/gems/actionpack-4.2.6/lib/action_dispatch/middleware/templates/rescues/_request_and_response.html.erb (17.2ms)
  Rendered /Users/Dell/.rbenv/versions/2.3.0/lib/ruby/gems/2.3.0/gems/actionpack-4.2.6/lib/action_dispatch/middleware/templates/rescues/routing_error.html.erb within rescues/layout (159.1ms)
  Rendered /Users/Dell/.rbenv/versions/2.3.0/lib/ruby/gems/2.3.0/gems/web-console-2.3.0/lib/web_console/templates/_markup.html.erb (0.5ms)
  Rendered /Users/Dell/.rbenv/versions/2.3.0/lib/ruby/gems/2.3.0/gems/web-console-2.3.0/lib/web_console/templates/_inner_console_markup.html.erb within layouts/inlined_string (0.4ms)
  Rendered /Users/Dell/.rbenv/versions/2.3.0/lib/ruby/gems/2.3.0/gems/web-console-2.3.0/lib/web_console/templates/_prompt_box_markup.html.erb within layouts/inlined_string (0.4ms)
  Rendered /Users/Dell/.rbenv/versions/2.3.0/lib/ruby/gems/2.3.0/gems/web-console-2.3.0/lib/web_console/templates/style.css.erb within layouts/inlined_string (0.5ms)
  Rendered /Users/Dell/.rbenv/versions/2.3.0/lib/ruby/gems/2.3.0/gems/web-console-2.3.0/lib/web_console/templates/console.js.erb within layouts/javascript (97.0ms)
  Rendered /Users/Dell/.rbenv/versions/2.3.0/lib/ruby/gems/2.3.0/gems/web-console-2.3.0/lib/web_console/templates/main.js.erb within layouts/javascript (0.8ms)
  Rendered /Users/Dell/.rbenv/versions/2.3.0/lib/ruby/gems/2.3.0/gems/web-console-2.3.0/lib/web_console/templates/error_page.js.erb within layouts/javascript (0.6ms)
  Rendered /Users/Dell/.rbenv/versions/2.3.0/lib/ruby/gems/2.3.0/gems/web-console-2.3.0/lib/web_console/templates/index.html.erb (209.1ms)


Started GET "/operation" for ::1 at 2016-05-05 17:56:43 +0200

ActionController::RoutingError (uninitialized constant OperationsController):
  activesupport (4.2.6) lib/active_support/inflector/methods.rb:261:in `const_get'
  activesupport (4.2.6) lib/active_support/inflector/methods.rb:261:in `block in constantize'
  activesupport (4.2.6) lib/active_support/inflector/methods.rb:259:in `each'
  activesupport (4.2.6) lib/active_support/inflector/methods.rb:259:in `inject'
  activesupport (4.2.6) lib/active_support/inflector/methods.rb:259:in `constantize'
  actionpack (4.2.6) lib/action_dispatch/routing/route_set.rb:70:in `controller_reference'
  actionpack (4.2.6) lib/action_dispatch/routing/route_set.rb:60:in `controller'
  actionpack (4.2.6) lib/action_dispatch/routing/route_set.rb:39:in `serve'
  actionpack (4.2.6) lib/action_dispatch/journey/router.rb:43:in `block in serve'
  actionpack (4.2.6) lib/action_dispatch/journey/router.rb:30:in `each'
  actionpack (4.2.6) lib/action_dispatch/journey/router.rb:30:in `serve'
  actionpack (4.2.6) lib/action_dispatch/routing/route_set.rb:817:in `call'
  rack (1.6.4) lib/rack/etag.rb:24:in `call'
  rack (1.6.4) lib/rack/conditionalget.rb:25:in `call'
  rack (1.6.4) lib/rack/head.rb:13:in `call'
  actionpack (4.2.6) lib/action_dispatch/middleware/params_parser.rb:27:in `call'
  actionpack (4.2.6) lib/action_dispatch/middleware/flash.rb:260:in `call'
  rack (1.6.4) lib/rack/session/abstract/id.rb:225:in `context'
  rack (1.6.4) lib/rack/session/abstract/id.rb:220:in `call'
  actionpack (4.2.6) lib/action_dispatch/middleware/cookies.rb:560:in `call'
  actionpack (4.2.6) lib/action_dispatch/middleware/callbacks.rb:29:in `block in call'
  activesupport (4.2.6) lib/active_support/callbacks.rb:88:in `__run_callbacks__'
  activesupport (4.2.6) lib/active_support/callbacks.rb:778:in `_run_call_callbacks'
  activesupport (4.2.6) lib/active_support/callbacks.rb:81:in `run_callbacks'
  actionpack (4.2.6) lib/action_dispatch/middleware/callbacks.rb:27:in `call'
  actionpack (4.2.6) lib/action_dispatch/middleware/reloader.rb:73:in `call'
  actionpack (4.2.6) lib/action_dispatch/middleware/remote_ip.rb:78:in `call'
  actionpack (4.2.6) lib/action_dispatch/middleware/debug_exceptions.rb:17:in `call'
  web-console (2.3.0) lib/web_console/middleware.rb:28:in `block in call'
  web-console (2.3.0) lib/web_console/middleware.rb:18:in `catch'
  web-console (2.3.0) lib/web_console/middleware.rb:18:in `call'
  actionpack (4.2.6) lib/action_dispatch/middleware/show_exceptions.rb:30:in `call'
  railties (4.2.6) lib/rails/rack/logger.rb:38:in `call_app'
  railties (4.2.6) lib/rails/rack/logger.rb:20:in `block in call'
  activesupport (4.2.6) lib/active_support/tagged_logging.rb:68:in `block in tagged'
  activesupport (4.2.6) lib/active_support/tagged_logging.rb:26:in `tagged'
  activesupport (4.2.6) lib/active_support/tagged_logging.rb:68:in `tagged'
  railties (4.2.6) lib/rails/rack/logger.rb:20:in `call'
  actionpack (4.2.6) lib/action_dispatch/middleware/request_id.rb:21:in `call'
  rack (1.6.4) lib/rack/methodoverride.rb:22:in `call'
  rack (1.6.4) lib/rack/runtime.rb:18:in `call'
  activesupport (4.2.6) lib/active_support/cache/strategy/local_cache_middleware.rb:28:in `call'
  rack (1.6.4) lib/rack/lock.rb:17:in `call'
  actionpack (4.2.6) lib/action_dispatch/middleware/static.rb:120:in `call'
  rack (1.6.4) lib/rack/sendfile.rb:113:in `call'
  railties (4.2.6) lib/rails/engine.rb:518:in `call'
  railties (4.2.6) lib/rails/application.rb:165:in `call'
  rack (1.6.4) lib/rack/lock.rb:17:in `call'
  rack (1.6.4) lib/rack/content_length.rb:15:in `call'
  rack (1.6.4) lib/rack/handler/webrick.rb:88:in `service'
  /Users/Dell/.rbenv/versions/2.3.0/lib/ruby/2.3.0/webrick/httpserver.rb:140:in `service'
  /Users/Dell/.rbenv/versions/2.3.0/lib/ruby/2.3.0/webrick/httpserver.rb:96:in `run'
  /Users/Dell/.rbenv/versions/2.3.0/lib/ruby/2.3.0/webrick/server.rb:296:in `block in start_thread'


  Rendered /Users/Dell/.rbenv/versions/2.3.0/lib/ruby/gems/2.3.0/gems/actionpack-4.2.6/lib/action_dispatch/middleware/templates/rescues/_trace.html.erb (2.3ms)
  Rendered /Users/Dell/.rbenv/versions/2.3.0/lib/ruby/gems/2.3.0/gems/actionpack-4.2.6/lib/action_dispatch/middleware/templates/routes/_route.html.erb (2.2ms)
  Rendered /Users/Dell/.rbenv/versions/2.3.0/lib/ruby/gems/2.3.0/gems/actionpack-4.2.6/lib/action_dispatch/middleware/templates/routes/_table.html.erb (1.4ms)
  Rendered /Users/Dell/.rbenv/versions/2.3.0/lib/ruby/gems/2.3.0/gems/actionpack-4.2.6/lib/action_dispatch/middleware/templates/rescues/_request_and_response.html.erb (1.3ms)
  Rendered /Users/Dell/.rbenv/versions/2.3.0/lib/ruby/gems/2.3.0/gems/actionpack-4.2.6/lib/action_dispatch/middleware/templates/rescues/routing_error.html.erb within rescues/layout (114.7ms)
  Rendered /Users/Dell/.rbenv/versions/2.3.0/lib/ruby/gems/2.3.0/gems/web-console-2.3.0/lib/web_console/templates/_markup.html.erb (0.5ms)
  Rendered /Users/Dell/.rbenv/versions/2.3.0/lib/ruby/gems/2.3.0/gems/web-console-2.3.0/lib/web_console/templates/_inner_console_markup.html.erb within layouts/inlined_string (0.4ms)
  Rendered /Users/Dell/.rbenv/versions/2.3.0/lib/ruby/gems/2.3.0/gems/web-console-2.3.0/lib/web_console/templates/_prompt_box_markup.html.erb within layouts/inlined_string (0.5ms)
  Rendered /Users/Dell/.rbenv/versions/2.3.0/lib/ruby/gems/2.3.0/gems/web-console-2.3.0/lib/web_console/templates/style.css.erb within layouts/inlined_string (0.5ms)
  Rendered /Users/Dell/.rbenv/versions/2.3.0/lib/ruby/gems/2.3.0/gems/web-console-2.3.0/lib/web_console/templates/console.js.erb within layouts/javascript (91.8ms)
  Rendered /Users/Dell/.rbenv/versions/2.3.0/lib/ruby/gems/2.3.0/gems/web-console-2.3.0/lib/web_console/templates/main.js.erb within layouts/javascript (0.5ms)
  Rendered /Users/Dell/.rbenv/versions/2.3.0/lib/ruby/gems/2.3.0/gems/web-console-2.3.0/lib/web_console/templates/error_page.js.erb within layouts/javascript (0.5ms)
  Rendered /Users/Dell/.rbenv/versions/2.3.0/lib/ruby/gems/2.3.0/gems/web-console-2.3.0/lib/web_console/templates/index.html.erb (193.4ms)


Started GET "/operations" for ::1 at 2016-05-05 17:56:47 +0200

ActionController::RoutingError (No route matches [GET] "/operations"):
  actionpack (4.2.6) lib/action_dispatch/middleware/debug_exceptions.rb:21:in `call'
  web-console (2.3.0) lib/web_console/middleware.rb:28:in `block in call'
  web-console (2.3.0) lib/web_console/middleware.rb:18:in `catch'
  web-console (2.3.0) lib/web_console/middleware.rb:18:in `call'
  actionpack (4.2.6) lib/action_dispatch/middleware/show_exceptions.rb:30:in `call'
  railties (4.2.6) lib/rails/rack/logger.rb:38:in `call_app'
  railties (4.2.6) lib/rails/rack/logger.rb:20:in `block in call'
  activesupport (4.2.6) lib/active_support/tagged_logging.rb:68:in `block in tagged'
  activesupport (4.2.6) lib/active_support/tagged_logging.rb:26:in `tagged'
  activesupport (4.2.6) lib/active_support/tagged_logging.rb:68:in `tagged'
  railties (4.2.6) lib/rails/rack/logger.rb:20:in `call'
  actionpack (4.2.6) lib/action_dispatch/middleware/request_id.rb:21:in `call'
  rack (1.6.4) lib/rack/methodoverride.rb:22:in `call'
  rack (1.6.4) lib/rack/runtime.rb:18:in `call'
  activesupport (4.2.6) lib/active_support/cache/strategy/local_cache_middleware.rb:28:in `call'
  rack (1.6.4) lib/rack/lock.rb:17:in `call'
  actionpack (4.2.6) lib/action_dispatch/middleware/static.rb:120:in `call'
  rack (1.6.4) lib/rack/sendfile.rb:113:in `call'
  railties (4.2.6) lib/rails/engine.rb:518:in `call'
  railties (4.2.6) lib/rails/application.rb:165:in `call'
  rack (1.6.4) lib/rack/lock.rb:17:in `call'
  rack (1.6.4) lib/rack/content_length.rb:15:in `call'
  rack (1.6.4) lib/rack/handler/webrick.rb:88:in `service'
  /Users/Dell/.rbenv/versions/2.3.0/lib/ruby/2.3.0/webrick/httpserver.rb:140:in `service'
  /Users/Dell/.rbenv/versions/2.3.0/lib/ruby/2.3.0/webrick/httpserver.rb:96:in `run'
  /Users/Dell/.rbenv/versions/2.3.0/lib/ruby/2.3.0/webrick/server.rb:296:in `block in start_thread'


  Rendered /Users/Dell/.rbenv/versions/2.3.0/lib/ruby/gems/2.3.0/gems/actionpack-4.2.6/lib/action_dispatch/middleware/templates/rescues/_trace.html.erb (2.2ms)
  Rendered /Users/Dell/.rbenv/versions/2.3.0/lib/ruby/gems/2.3.0/gems/actionpack-4.2.6/lib/action_dispatch/middleware/templates/routes/_route.html.erb (0.9ms)
  Rendered /Users/Dell/.rbenv/versions/2.3.0/lib/ruby/gems/2.3.0/gems/actionpack-4.2.6/lib/action_dispatch/middleware/templates/routes/_table.html.erb (1.5ms)
  Rendered /Users/Dell/.rbenv/versions/2.3.0/lib/ruby/gems/2.3.0/gems/actionpack-4.2.6/lib/action_dispatch/middleware/templates/rescues/_request_and_response.html.erb (1.3ms)
  Rendered /Users/Dell/.rbenv/versions/2.3.0/lib/ruby/gems/2.3.0/gems/actionpack-4.2.6/lib/action_dispatch/middleware/templates/rescues/routing_error.html.erb within rescues/layout (124.1ms)
  Rendered /Users/Dell/.rbenv/versions/2.3.0/lib/ruby/gems/2.3.0/gems/web-console-2.3.0/lib/web_console/templates/_markup.html.erb (0.5ms)
  Rendered /Users/Dell/.rbenv/versions/2.3.0/lib/ruby/gems/2.3.0/gems/web-console-2.3.0/lib/web_console/templates/_inner_console_markup.html.erb within layouts/inlined_string (0.4ms)
  Rendered /Users/Dell/.rbenv/versions/2.3.0/lib/ruby/gems/2.3.0/gems/web-console-2.3.0/lib/web_console/templates/_prompt_box_markup.html.erb within layouts/inlined_string (0.5ms)
  Rendered /Users/Dell/.rbenv/versions/2.3.0/lib/ruby/gems/2.3.0/gems/web-console-2.3.0/lib/web_console/templates/style.css.erb within layouts/inlined_string (0.5ms)
  Rendered /Users/Dell/.rbenv/versions/2.3.0/lib/ruby/gems/2.3.0/gems/web-console-2.3.0/lib/web_console/templates/console.js.erb within layouts/javascript (89.2ms)
  Rendered /Users/Dell/.rbenv/versions/2.3.0/lib/ruby/gems/2.3.0/gems/web-console-2.3.0/lib/web_console/templates/main.js.erb within layouts/javascript (0.4ms)
  Rendered /Users/Dell/.rbenv/versions/2.3.0/lib/ruby/gems/2.3.0/gems/web-console-2.3.0/lib/web_console/templates/error_page.js.erb within layouts/javascript (0.6ms)
  Rendered /Users/Dell/.rbenv/versions/2.3.0/lib/ruby/gems/2.3.0/gems/web-console-2.3.0/lib/web_console/templates/index.html.erb (191.1ms)


Started GET "/operation" for ::1 at 2016-05-05 17:56:52 +0200

ActionController::RoutingError (uninitialized constant OperationsController):
  activesupport (4.2.6) lib/active_support/inflector/methods.rb:261:in `const_get'
  activesupport (4.2.6) lib/active_support/inflector/methods.rb:261:in `block in constantize'
  activesupport (4.2.6) lib/active_support/inflector/methods.rb:259:in `each'
  activesupport (4.2.6) lib/active_support/inflector/methods.rb:259:in `inject'
  activesupport (4.2.6) lib/active_support/inflector/methods.rb:259:in `constantize'
  actionpack (4.2.6) lib/action_dispatch/routing/route_set.rb:70:in `controller_reference'
  actionpack (4.2.6) lib/action_dispatch/routing/route_set.rb:60:in `controller'
  actionpack (4.2.6) lib/action_dispatch/routing/route_set.rb:39:in `serve'
  actionpack (4.2.6) lib/action_dispatch/journey/router.rb:43:in `block in serve'
  actionpack (4.2.6) lib/action_dispatch/journey/router.rb:30:in `each'
  actionpack (4.2.6) lib/action_dispatch/journey/router.rb:30:in `serve'
  actionpack (4.2.6) lib/action_dispatch/routing/route_set.rb:817:in `call'
  rack (1.6.4) lib/rack/etag.rb:24:in `call'
  rack (1.6.4) lib/rack/conditionalget.rb:25:in `call'
  rack (1.6.4) lib/rack/head.rb:13:in `call'
  actionpack (4.2.6) lib/action_dispatch/middleware/params_parser.rb:27:in `call'
  actionpack (4.2.6) lib/action_dispatch/middleware/flash.rb:260:in `call'
  rack (1.6.4) lib/rack/session/abstract/id.rb:225:in `context'
  rack (1.6.4) lib/rack/session/abstract/id.rb:220:in `call'
  actionpack (4.2.6) lib/action_dispatch/middleware/cookies.rb:560:in `call'
  actionpack (4.2.6) lib/action_dispatch/middleware/callbacks.rb:29:in `block in call'
  activesupport (4.2.6) lib/active_support/callbacks.rb:88:in `__run_callbacks__'
  activesupport (4.2.6) lib/active_support/callbacks.rb:778:in `_run_call_callbacks'
  activesupport (4.2.6) lib/active_support/callbacks.rb:81:in `run_callbacks'
  actionpack (4.2.6) lib/action_dispatch/middleware/callbacks.rb:27:in `call'
  actionpack (4.2.6) lib/action_dispatch/middleware/reloader.rb:73:in `call'
  actionpack (4.2.6) lib/action_dispatch/middleware/remote_ip.rb:78:in `call'
  actionpack (4.2.6) lib/action_dispatch/middleware/debug_exceptions.rb:17:in `call'
  web-console (2.3.0) lib/web_console/middleware.rb:28:in `block in call'
  web-console (2.3.0) lib/web_console/middleware.rb:18:in `catch'
  web-console (2.3.0) lib/web_console/middleware.rb:18:in `call'
  actionpack (4.2.6) lib/action_dispatch/middleware/show_exceptions.rb:30:in `call'
  railties (4.2.6) lib/rails/rack/logger.rb:38:in `call_app'
  railties (4.2.6) lib/rails/rack/logger.rb:20:in `block in call'
  activesupport (4.2.6) lib/active_support/tagged_logging.rb:68:in `block in tagged'
  activesupport (4.2.6) lib/active_support/tagged_logging.rb:26:in `tagged'
  activesupport (4.2.6) lib/active_support/tagged_logging.rb:68:in `tagged'
  railties (4.2.6) lib/rails/rack/logger.rb:20:in `call'
  actionpack (4.2.6) lib/action_dispatch/middleware/request_id.rb:21:in `call'
  rack (1.6.4) lib/rack/methodoverride.rb:22:in `call'
  rack (1.6.4) lib/rack/runtime.rb:18:in `call'
  activesupport (4.2.6) lib/active_support/cache/strategy/local_cache_middleware.rb:28:in `call'
  rack (1.6.4) lib/rack/lock.rb:17:in `call'
  actionpack (4.2.6) lib/action_dispatch/middleware/static.rb:120:in `call'
  rack (1.6.4) lib/rack/sendfile.rb:113:in `call'
  railties (4.2.6) lib/rails/engine.rb:518:in `call'
  railties (4.2.6) lib/rails/application.rb:165:in `call'
  rack (1.6.4) lib/rack/lock.rb:17:in `call'
  rack (1.6.4) lib/rack/content_length.rb:15:in `call'
  rack (1.6.4) lib/rack/handler/webrick.rb:88:in `service'
  /Users/Dell/.rbenv/versions/2.3.0/lib/ruby/2.3.0/webrick/httpserver.rb:140:in `service'
  /Users/Dell/.rbenv/versions/2.3.0/lib/ruby/2.3.0/webrick/httpserver.rb:96:in `run'
  /Users/Dell/.rbenv/versions/2.3.0/lib/ruby/2.3.0/webrick/server.rb:296:in `block in start_thread'


  Rendered /Users/Dell/.rbenv/versions/2.3.0/lib/ruby/gems/2.3.0/gems/actionpack-4.2.6/lib/action_dispatch/middleware/templates/rescues/_trace.html.erb (2.4ms)
  Rendered /Users/Dell/.rbenv/versions/2.3.0/lib/ruby/gems/2.3.0/gems/actionpack-4.2.6/lib/action_dispatch/middleware/templates/routes/_route.html.erb (0.9ms)
  Rendered /Users/Dell/.rbenv/versions/2.3.0/lib/ruby/gems/2.3.0/gems/actionpack-4.2.6/lib/action_dispatch/middleware/templates/routes/_table.html.erb (1.4ms)
  Rendered /Users/Dell/.rbenv/versions/2.3.0/lib/ruby/gems/2.3.0/gems/actionpack-4.2.6/lib/action_dispatch/middleware/templates/rescues/_request_and_response.html.erb (1.2ms)
  Rendered /Users/Dell/.rbenv/versions/2.3.0/lib/ruby/gems/2.3.0/gems/actionpack-4.2.6/lib/action_dispatch/middleware/templates/rescues/routing_error.html.erb within rescues/layout (122.7ms)
  Rendered /Users/Dell/.rbenv/versions/2.3.0/lib/ruby/gems/2.3.0/gems/web-console-2.3.0/lib/web_console/templates/_markup.html.erb (0.5ms)
  Rendered /Users/Dell/.rbenv/versions/2.3.0/lib/ruby/gems/2.3.0/gems/web-console-2.3.0/lib/web_console/templates/_inner_console_markup.html.erb within layouts/inlined_string (0.4ms)
  Rendered /Users/Dell/.rbenv/versions/2.3.0/lib/ruby/gems/2.3.0/gems/web-console-2.3.0/lib/web_console/templates/_prompt_box_markup.html.erb within layouts/inlined_string (0.4ms)
  Rendered /Users/Dell/.rbenv/versions/2.3.0/lib/ruby/gems/2.3.0/gems/web-console-2.3.0/lib/web_console/templates/style.css.erb within layouts/inlined_string (0.4ms)
  Rendered /Users/Dell/.rbenv/versions/2.3.0/lib/ruby/gems/2.3.0/gems/web-console-2.3.0/lib/web_console/templates/console.js.erb within layouts/javascript (88.1ms)
  Rendered /Users/Dell/.rbenv/versions/2.3.0/lib/ruby/gems/2.3.0/gems/web-console-2.3.0/lib/web_console/templates/main.js.erb within layouts/javascript (0.4ms)
  Rendered /Users/Dell/.rbenv/versions/2.3.0/lib/ruby/gems/2.3.0/gems/web-console-2.3.0/lib/web_console/templates/error_page.js.erb within layouts/javascript (0.7ms)
  Rendered /Users/Dell/.rbenv/versions/2.3.0/lib/ruby/gems/2.3.0/gems/web-console-2.3.0/lib/web_console/templates/index.html.erb (189.2ms)


Started GET "/operation" for ::1 at 2016-05-05 17:56:52 +0200

ActionController::RoutingError (uninitialized constant OperationsController):
  activesupport (4.2.6) lib/active_support/inflector/methods.rb:261:in `const_get'
  activesupport (4.2.6) lib/active_support/inflector/methods.rb:261:in `block in constantize'
  activesupport (4.2.6) lib/active_support/inflector/methods.rb:259:in `each'
  activesupport (4.2.6) lib/active_support/inflector/methods.rb:259:in `inject'
  activesupport (4.2.6) lib/active_support/inflector/methods.rb:259:in `constantize'
  actionpack (4.2.6) lib/action_dispatch/routing/route_set.rb:70:in `controller_reference'
  actionpack (4.2.6) lib/action_dispatch/routing/route_set.rb:60:in `controller'
  actionpack (4.2.6) lib/action_dispatch/routing/route_set.rb:39:in `serve'
  actionpack (4.2.6) lib/action_dispatch/journey/router.rb:43:in `block in serve'
  actionpack (4.2.6) lib/action_dispatch/journey/router.rb:30:in `each'
  actionpack (4.2.6) lib/action_dispatch/journey/router.rb:30:in `serve'
  actionpack (4.2.6) lib/action_dispatch/routing/route_set.rb:817:in `call'
  rack (1.6.4) lib/rack/etag.rb:24:in `call'
  rack (1.6.4) lib/rack/conditionalget.rb:25:in `call'
  rack (1.6.4) lib/rack/head.rb:13:in `call'
  actionpack (4.2.6) lib/action_dispatch/middleware/params_parser.rb:27:in `call'
  actionpack (4.2.6) lib/action_dispatch/middleware/flash.rb:260:in `call'
  rack (1.6.4) lib/rack/session/abstract/id.rb:225:in `context'
  rack (1.6.4) lib/rack/session/abstract/id.rb:220:in `call'
  actionpack (4.2.6) lib/action_dispatch/middleware/cookies.rb:560:in `call'
  actionpack (4.2.6) lib/action_dispatch/middleware/callbacks.rb:29:in `block in call'
  activesupport (4.2.6) lib/active_support/callbacks.rb:88:in `__run_callbacks__'
  activesupport (4.2.6) lib/active_support/callbacks.rb:778:in `_run_call_callbacks'
  activesupport (4.2.6) lib/active_support/callbacks.rb:81:in `run_callbacks'
  actionpack (4.2.6) lib/action_dispatch/middleware/callbacks.rb:27:in `call'
  actionpack (4.2.6) lib/action_dispatch/middleware/reloader.rb:73:in `call'
  actionpack (4.2.6) lib/action_dispatch/middleware/remote_ip.rb:78:in `call'
  actionpack (4.2.6) lib/action_dispatch/middleware/debug_exceptions.rb:17:in `call'
  web-console (2.3.0) lib/web_console/middleware.rb:28:in `block in call'
  web-console (2.3.0) lib/web_console/middleware.rb:18:in `catch'
  web-console (2.3.0) lib/web_console/middleware.rb:18:in `call'
  actionpack (4.2.6) lib/action_dispatch/middleware/show_exceptions.rb:30:in `call'
  railties (4.2.6) lib/rails/rack/logger.rb:38:in `call_app'
  railties (4.2.6) lib/rails/rack/logger.rb:20:in `block in call'
  activesupport (4.2.6) lib/active_support/tagged_logging.rb:68:in `block in tagged'
  activesupport (4.2.6) lib/active_support/tagged_logging.rb:26:in `tagged'
  activesupport (4.2.6) lib/active_support/tagged_logging.rb:68:in `tagged'
  railties (4.2.6) lib/rails/rack/logger.rb:20:in `call'
  actionpack (4.2.6) lib/action_dispatch/middleware/request_id.rb:21:in `call'
  rack (1.6.4) lib/rack/methodoverride.rb:22:in `call'
  rack (1.6.4) lib/rack/runtime.rb:18:in `call'
  activesupport (4.2.6) lib/active_support/cache/strategy/local_cache_middleware.rb:28:in `call'
  rack (1.6.4) lib/rack/lock.rb:17:in `call'
  actionpack (4.2.6) lib/action_dispatch/middleware/static.rb:120:in `call'
  rack (1.6.4) lib/rack/sendfile.rb:113:in `call'
  railties (4.2.6) lib/rails/engine.rb:518:in `call'
  railties (4.2.6) lib/rails/application.rb:165:in `call'
  rack (1.6.4) lib/rack/lock.rb:17:in `call'
  rack (1.6.4) lib/rack/content_length.rb:15:in `call'
  rack (1.6.4) lib/rack/handler/webrick.rb:88:in `service'
  /Users/Dell/.rbenv/versions/2.3.0/lib/ruby/2.3.0/webrick/httpserver.rb:140:in `service'
  /Users/Dell/.rbenv/versions/2.3.0/lib/ruby/2.3.0/webrick/httpserver.rb:96:in `run'
  /Users/Dell/.rbenv/versions/2.3.0/lib/ruby/2.3.0/webrick/server.rb:296:in `block in start_thread'


  Rendered /Users/Dell/.rbenv/versions/2.3.0/lib/ruby/gems/2.3.0/gems/actionpack-4.2.6/lib/action_dispatch/middleware/templates/rescues/_trace.html.erb (2.2ms)
  Rendered /Users/Dell/.rbenv/versions/2.3.0/lib/ruby/gems/2.3.0/gems/actionpack-4.2.6/lib/action_dispatch/middleware/templates/routes/_route.html.erb (1.1ms)
  Rendered /Users/Dell/.rbenv/versions/2.3.0/lib/ruby/gems/2.3.0/gems/actionpack-4.2.6/lib/action_dispatch/middleware/templates/routes/_table.html.erb (1.5ms)
  Rendered /Users/Dell/.rbenv/versions/2.3.0/lib/ruby/gems/2.3.0/gems/actionpack-4.2.6/lib/action_dispatch/middleware/templates/rescues/_request_and_response.html.erb (1.2ms)
  Rendered /Users/Dell/.rbenv/versions/2.3.0/lib/ruby/gems/2.3.0/gems/actionpack-4.2.6/lib/action_dispatch/middleware/templates/rescues/routing_error.html.erb within rescues/layout (121.1ms)
  Rendered /Users/Dell/.rbenv/versions/2.3.0/lib/ruby/gems/2.3.0/gems/web-console-2.3.0/lib/web_console/templates/_markup.html.erb (0.5ms)
  Rendered /Users/Dell/.rbenv/versions/2.3.0/lib/ruby/gems/2.3.0/gems/web-console-2.3.0/lib/web_console/templates/_inner_console_markup.html.erb within layouts/inlined_string (0.5ms)
  Rendered /Users/Dell/.rbenv/versions/2.3.0/lib/ruby/gems/2.3.0/gems/web-console-2.3.0/lib/web_console/templates/_prompt_box_markup.html.erb within layouts/inlined_string (0.4ms)
  Rendered /Users/Dell/.rbenv/versions/2.3.0/lib/ruby/gems/2.3.0/gems/web-console-2.3.0/lib/web_console/templates/style.css.erb within layouts/inlined_string (0.4ms)
  Rendered /Users/Dell/.rbenv/versions/2.3.0/lib/ruby/gems/2.3.0/gems/web-console-2.3.0/lib/web_console/templates/console.js.erb within layouts/javascript (87.0ms)
  Rendered /Users/Dell/.rbenv/versions/2.3.0/lib/ruby/gems/2.3.0/gems/web-console-2.3.0/lib/web_console/templates/main.js.erb within layouts/javascript (0.4ms)
  Rendered /Users/Dell/.rbenv/versions/2.3.0/lib/ruby/gems/2.3.0/gems/web-console-2.3.0/lib/web_console/templates/error_page.js.erb within layouts/javascript (0.6ms)
  Rendered /Users/Dell/.rbenv/versions/2.3.0/lib/ruby/gems/2.3.0/gems/web-console-2.3.0/lib/web_console/templates/index.html.erb (199.3ms)


Started GET "/operation" for ::1 at 2016-05-05 17:58:51 +0200

ActionController::RoutingError (uninitialized constant OperationsController):
  activesupport (4.2.6) lib/active_support/inflector/methods.rb:261:in `const_get'
  activesupport (4.2.6) lib/active_support/inflector/methods.rb:261:in `block in constantize'
  activesupport (4.2.6) lib/active_support/inflector/methods.rb:259:in `each'
  activesupport (4.2.6) lib/active_support/inflector/methods.rb:259:in `inject'
  activesupport (4.2.6) lib/active_support/inflector/methods.rb:259:in `constantize'
  actionpack (4.2.6) lib/action_dispatch/routing/route_set.rb:70:in `controller_reference'
  actionpack (4.2.6) lib/action_dispatch/routing/route_set.rb:60:in `controller'
  actionpack (4.2.6) lib/action_dispatch/routing/route_set.rb:39:in `serve'
  actionpack (4.2.6) lib/action_dispatch/journey/router.rb:43:in `block in serve'
  actionpack (4.2.6) lib/action_dispatch/journey/router.rb:30:in `each'
  actionpack (4.2.6) lib/action_dispatch/journey/router.rb:30:in `serve'
  actionpack (4.2.6) lib/action_dispatch/routing/route_set.rb:817:in `call'
  rack (1.6.4) lib/rack/etag.rb:24:in `call'
  rack (1.6.4) lib/rack/conditionalget.rb:25:in `call'
  rack (1.6.4) lib/rack/head.rb:13:in `call'
  actionpack (4.2.6) lib/action_dispatch/middleware/params_parser.rb:27:in `call'
  actionpack (4.2.6) lib/action_dispatch/middleware/flash.rb:260:in `call'
  rack (1.6.4) lib/rack/session/abstract/id.rb:225:in `context'
  rack (1.6.4) lib/rack/session/abstract/id.rb:220:in `call'
  actionpack (4.2.6) lib/action_dispatch/middleware/cookies.rb:560:in `call'
  actionpack (4.2.6) lib/action_dispatch/middleware/callbacks.rb:29:in `block in call'
  activesupport (4.2.6) lib/active_support/callbacks.rb:88:in `__run_callbacks__'
  activesupport (4.2.6) lib/active_support/callbacks.rb:778:in `_run_call_callbacks'
  activesupport (4.2.6) lib/active_support/callbacks.rb:81:in `run_callbacks'
  actionpack (4.2.6) lib/action_dispatch/middleware/callbacks.rb:27:in `call'
  actionpack (4.2.6) lib/action_dispatch/middleware/reloader.rb:73:in `call'
  actionpack (4.2.6) lib/action_dispatch/middleware/remote_ip.rb:78:in `call'
  actionpack (4.2.6) lib/action_dispatch/middleware/debug_exceptions.rb:17:in `call'
  web-console (2.3.0) lib/web_console/middleware.rb:28:in `block in call'
  web-console (2.3.0) lib/web_console/middleware.rb:18:in `catch'
  web-console (2.3.0) lib/web_console/middleware.rb:18:in `call'
  actionpack (4.2.6) lib/action_dispatch/middleware/show_exceptions.rb:30:in `call'
  railties (4.2.6) lib/rails/rack/logger.rb:38:in `call_app'
  railties (4.2.6) lib/rails/rack/logger.rb:20:in `block in call'
  activesupport (4.2.6) lib/active_support/tagged_logging.rb:68:in `block in tagged'
  activesupport (4.2.6) lib/active_support/tagged_logging.rb:26:in `tagged'
  activesupport (4.2.6) lib/active_support/tagged_logging.rb:68:in `tagged'
  railties (4.2.6) lib/rails/rack/logger.rb:20:in `call'
  actionpack (4.2.6) lib/action_dispatch/middleware/request_id.rb:21:in `call'
  rack (1.6.4) lib/rack/methodoverride.rb:22:in `call'
  rack (1.6.4) lib/rack/runtime.rb:18:in `call'
  activesupport (4.2.6) lib/active_support/cache/strategy/local_cache_middleware.rb:28:in `call'
  rack (1.6.4) lib/rack/lock.rb:17:in `call'
  actionpack (4.2.6) lib/action_dispatch/middleware/static.rb:120:in `call'
  rack (1.6.4) lib/rack/sendfile.rb:113:in `call'
  railties (4.2.6) lib/rails/engine.rb:518:in `call'
  railties (4.2.6) lib/rails/application.rb:165:in `call'
  rack (1.6.4) lib/rack/lock.rb:17:in `call'
  rack (1.6.4) lib/rack/content_length.rb:15:in `call'
  rack (1.6.4) lib/rack/handler/webrick.rb:88:in `service'
  /Users/Dell/.rbenv/versions/2.3.0/lib/ruby/2.3.0/webrick/httpserver.rb:140:in `service'
  /Users/Dell/.rbenv/versions/2.3.0/lib/ruby/2.3.0/webrick/httpserver.rb:96:in `run'
  /Users/Dell/.rbenv/versions/2.3.0/lib/ruby/2.3.0/webrick/server.rb:296:in `block in start_thread'


  Rendered /Users/Dell/.rbenv/versions/2.3.0/lib/ruby/gems/2.3.0/gems/actionpack-4.2.6/lib/action_dispatch/middleware/templates/rescues/_trace.html.erb (2.3ms)
  Rendered /Users/Dell/.rbenv/versions/2.3.0/lib/ruby/gems/2.3.0/gems/actionpack-4.2.6/lib/action_dispatch/middleware/templates/routes/_route.html.erb (0.9ms)
  Rendered /Users/Dell/.rbenv/versions/2.3.0/lib/ruby/gems/2.3.0/gems/actionpack-4.2.6/lib/action_dispatch/middleware/templates/routes/_table.html.erb (2.0ms)
  Rendered /Users/Dell/.rbenv/versions/2.3.0/lib/ruby/gems/2.3.0/gems/actionpack-4.2.6/lib/action_dispatch/middleware/templates/rescues/_request_and_response.html.erb (1.2ms)
  Rendered /Users/Dell/.rbenv/versions/2.3.0/lib/ruby/gems/2.3.0/gems/actionpack-4.2.6/lib/action_dispatch/middleware/templates/rescues/routing_error.html.erb within rescues/layout (119.6ms)
  Rendered /Users/Dell/.rbenv/versions/2.3.0/lib/ruby/gems/2.3.0/gems/web-console-2.3.0/lib/web_console/templates/_markup.html.erb (0.5ms)
  Rendered /Users/Dell/.rbenv/versions/2.3.0/lib/ruby/gems/2.3.0/gems/web-console-2.3.0/lib/web_console/templates/_inner_console_markup.html.erb within layouts/inlined_string (0.4ms)
  Rendered /Users/Dell/.rbenv/versions/2.3.0/lib/ruby/gems/2.3.0/gems/web-console-2.3.0/lib/web_console/templates/_prompt_box_markup.html.erb within layouts/inlined_string (0.4ms)
  Rendered /Users/Dell/.rbenv/versions/2.3.0/lib/ruby/gems/2.3.0/gems/web-console-2.3.0/lib/web_console/templates/style.css.erb within layouts/inlined_string (0.4ms)
  Rendered /Users/Dell/.rbenv/versions/2.3.0/lib/ruby/gems/2.3.0/gems/web-console-2.3.0/lib/web_console/templates/console.js.erb within layouts/javascript (81.9ms)
  Rendered /Users/Dell/.rbenv/versions/2.3.0/lib/ruby/gems/2.3.0/gems/web-console-2.3.0/lib/web_console/templates/main.js.erb within layouts/javascript (0.4ms)
  Rendered /Users/Dell/.rbenv/versions/2.3.0/lib/ruby/gems/2.3.0/gems/web-console-2.3.0/lib/web_console/templates/error_page.js.erb within layouts/javascript (0.5ms)
  Rendered /Users/Dell/.rbenv/versions/2.3.0/lib/ruby/gems/2.3.0/gems/web-console-2.3.0/lib/web_console/templates/index.html.erb (182.5ms)


Started GET "/operation" for ::1 at 2016-05-05 17:59:23 +0200
Processing by OperationController#new as HTML
Completed 500 Internal Server Error in 45ms

NameError (uninitialized constant Mongoid::Enum):
  app/models/operation.rb:3:in `<class:Operation>'
  app/models/operation.rb:1:in `<top (required)>'
  app/controllers/operation_controller.rb:20:in `new'


  Rendered /Users/Dell/.rbenv/versions/2.3.0/lib/ruby/gems/2.3.0/gems/actionpack-4.2.6/lib/action_dispatch/middleware/templates/rescues/_source.erb (6.5ms)
  Rendered /Users/Dell/.rbenv/versions/2.3.0/lib/ruby/gems/2.3.0/gems/actionpack-4.2.6/lib/action_dispatch/middleware/templates/rescues/_trace.html.erb (7.1ms)
  Rendered /Users/Dell/.rbenv/versions/2.3.0/lib/ruby/gems/2.3.0/gems/actionpack-4.2.6/lib/action_dispatch/middleware/templates/rescues/_request_and_response.html.erb (1.6ms)
  Rendered /Users/Dell/.rbenv/versions/2.3.0/lib/ruby/gems/2.3.0/gems/actionpack-4.2.6/lib/action_dispatch/middleware/templates/rescues/diagnostics.html.erb within rescues/layout (112.2ms)
  Rendered /Users/Dell/.rbenv/versions/2.3.0/lib/ruby/gems/2.3.0/gems/web-console-2.3.0/lib/web_console/templates/_markup.html.erb (0.5ms)
  Rendered /Users/Dell/.rbenv/versions/2.3.0/lib/ruby/gems/2.3.0/gems/web-console-2.3.0/lib/web_console/templates/_inner_console_markup.html.erb within layouts/inlined_string (0.4ms)
  Rendered /Users/Dell/.rbenv/versions/2.3.0/lib/ruby/gems/2.3.0/gems/web-console-2.3.0/lib/web_console/templates/_prompt_box_markup.html.erb within layouts/inlined_string (0.7ms)
  Rendered /Users/Dell/.rbenv/versions/2.3.0/lib/ruby/gems/2.3.0/gems/web-console-2.3.0/lib/web_console/templates/style.css.erb within layouts/inlined_string (0.8ms)
  Rendered /Users/Dell/.rbenv/versions/2.3.0/lib/ruby/gems/2.3.0/gems/web-console-2.3.0/lib/web_console/templates/console.js.erb within layouts/javascript (90.0ms)
  Rendered /Users/Dell/.rbenv/versions/2.3.0/lib/ruby/gems/2.3.0/gems/web-console-2.3.0/lib/web_console/templates/main.js.erb within layouts/javascript (0.4ms)
  Rendered /Users/Dell/.rbenv/versions/2.3.0/lib/ruby/gems/2.3.0/gems/web-console-2.3.0/lib/web_console/templates/error_page.js.erb within layouts/javascript (0.5ms)
  Rendered /Users/Dell/.rbenv/versions/2.3.0/lib/ruby/gems/2.3.0/gems/web-console-2.3.0/lib/web_console/templates/index.html.erb (196.4ms)


Started GET "/" for ::1 at 2016-05-05 18:05:08 +0200
Processing by Rails::WelcomeController#index as HTML
  Rendered /Users/Dell/.rbenv/versions/2.3.0/lib/ruby/gems/2.3.0/gems/railties-4.2.6/lib/rails/templates/rails/welcome/index.html.erb (1.9ms)
Completed 200 OK in 28ms (Views: 14.9ms)


Started GET "/operation" for ::1 at 2016-05-05 18:05:12 +0200
Processing by OperationController#new as HTML
MONGODB | Adding localhost:27017 to the cluster.
MONGODB | localhost:27017 | practica3_development.insert | STARTED | {"insert"=>"operations", "documents"=>[{"_id"=>BSON::ObjectId('572b6f38d67adf05d38062a3'), "_op"=>:add, "op1"=>1, "op2"=>1, "t0"=>2016-05-05 16:05:12 UTC}], "ordered"=>true}
MONGODB | localhost:27017 | practica3_development.insert | SUCCEEDED | 0.909117s
Redirected to http://localhost:3000/operation
Completed 302 Found in 944ms


Started GET "/operation" for ::1 at 2016-05-05 18:05:13 +0200
Processing by OperationController#new as HTML
MONGODB | localhost:27017 | practica3_development.insert | STARTED | {"insert"=>"operations", "documents"=>[{"_id"=>BSON::ObjectId('572b6f39d67adf05d38062a4'), "_op"=>:add, "op1"=>1, "op2"=>5, "t0"=>2016-05-05 16:05:13 UTC}], "ordered"=>true}
MONGODB | localhost:27017 | practica3_development.insert | SUCCEEDED | 0.000494s
Redirected to http://localhost:3000/operation
Completed 302 Found in 2ms


Started GET "/operation" for ::1 at 2016-05-05 18:05:13 +0200
Processing by OperationController#new as HTML
MONGODB | localhost:27017 | practica3_development.insert | STARTED | {"insert"=>"operations", "documents"=>[{"_id"=>BSON::ObjectId('572b6f39d67adf05d38062a5'), "_op"=>:add, "op1"=>7, "op2"=>6, "t0"=>2016-05-05 16:05:13 UTC}], "ordered"=>true}
MONGODB | localhost:27017 | practica3_development.insert | SUCCEEDED | 0.000519s
Redirected to http://localhost:3000/operation
Completed 302 Found in 2ms


Started GET "/operation" for ::1 at 2016-05-05 18:05:13 +0200
Processing by OperationController#new as HTML
MONGODB | localhost:27017 | practica3_development.insert | STARTED | {"insert"=>"operations", "documents"=>[{"_id"=>BSON::ObjectId('572b6f39d67adf05d38062a6'), "_op"=>:add, "op1"=>9, "op2"=>4, "t0"=>2016-05-05 16:05:13 UTC}], "ordered"=>true}
MONGODB | localhost:27017 | practica3_development.insert | SUCCEEDED | 0.000572s
Redirected to http://localhost:3000/operation
Completed 302 Found in 2ms


Started GET "/operation" for ::1 at 2016-05-05 18:05:13 +0200
Processing by OperationController#new as HTML
MONGODB | localhost:27017 | practica3_development.insert | STARTED | {"insert"=>"operations", "documents"=>[{"_id"=>BSON::ObjectId('572b6f39d67adf05d38062a7'), "_op"=>:add, "op1"=>5, "op2"=>2, "t0"=>2016-05-05 16:05:13 UTC}], "ordered"=>true}
MONGODB | localhost:27017 | practica3_development.insert | SUCCEEDED | 0.001685s
Redirected to http://localhost:3000/operation
Completed 302 Found in 4ms


Started GET "/operation" for ::1 at 2016-05-05 18:05:13 +0200
Processing by OperationController#new as HTML
MONGODB | localhost:27017 | practica3_development.insert | STARTED | {"insert"=>"operations", "documents"=>[{"_id"=>BSON::ObjectId('572b6f39d67adf05d38062a8'), "_op"=>:add, "op1"=>6, "op2"=>1, "t0"=>2016-05-05 16:05:13 UTC}], "ordered"=>true}
MONGODB | localhost:27017 | practica3_development.insert | SUCCEEDED | 0.0005s
Redirected to http://localhost:3000/operation
Completed 302 Found in 2ms


Started GET "/operation" for ::1 at 2016-05-05 18:05:13 +0200
Processing by OperationController#new as HTML
MONGODB | localhost:27017 | practica3_development.insert | STARTED | {"insert"=>"operations", "documents"=>[{"_id"=>BSON::ObjectId('572b6f39d67adf05d38062a9'), "_op"=>:add, "op1"=>3, "op2"=>1, "t0"=>2016-05-05 16:05:13 UTC}], "ordered"=>true}
MONGODB | localhost:27017 | practica3_development.insert | SUCCEEDED | 0.000502s
Redirected to http://localhost:3000/operation
Completed 302 Found in 2ms


Started GET "/operation" for ::1 at 2016-05-05 18:05:13 +0200
Processing by OperationController#new as HTML
MONGODB | localhost:27017 | practica3_development.insert | STARTED | {"insert"=>"operations", "documents"=>[{"_id"=>BSON::ObjectId('572b6f39d67adf05d38062aa'), "_op"=>:add, "op1"=>7, "op2"=>3, "t0"=>2016-05-05 16:05:13 UTC}], "ordered"=>true}
MONGODB | localhost:27017 | practica3_development.insert | SUCCEEDED | 0.000454s
Redirected to http://localhost:3000/operation
Completed 302 Found in 2ms


Started GET "/operation" for ::1 at 2016-05-05 18:05:13 +0200
Processing by OperationController#new as HTML
MONGODB | localhost:27017 | practica3_development.insert | STARTED | {"insert"=>"operations", "documents"=>[{"_id"=>BSON::ObjectId('572b6f39d67adf05d38062ab'), "_op"=>:add, "op1"=>3, "op2"=>1, "t0"=>2016-05-05 16:05:13 UTC}], "ordered"=>true}
MONGODB | localhost:27017 | practica3_development.insert | SUCCEEDED | 0.000453s
Redirected to http://localhost:3000/operation
Completed 302 Found in 2ms


Started GET "/operation" for ::1 at 2016-05-05 18:05:13 +0200
Processing by OperationController#new as HTML
MONGODB | localhost:27017 | practica3_development.insert | STARTED | {"insert"=>"operations", "documents"=>[{"_id"=>BSON::ObjectId('572b6f39d67adf05d38062ac'), "_op"=>:add, "op1"=>4, "op2"=>2, "t0"=>2016-05-05 16:05:13 UTC}], "ordered"=>true}
MONGODB | localhost:27017 | practica3_development.insert | SUCCEEDED | 0.000562s
Redirected to http://localhost:3000/operation
Completed 302 Found in 2ms


Started GET "/operation" for ::1 at 2016-05-05 18:05:13 +0200
Processing by OperationController#new as HTML
MONGODB | localhost:27017 | practica3_development.insert | STARTED | {"insert"=>"operations", "documents"=>[{"_id"=>BSON::ObjectId('572b6f39d67adf05d38062ad'), "_op"=>:add, "op1"=>8, "op2"=>7, "t0"=>2016-05-05 16:05:13 UTC}], "ordered"=>true}
MONGODB | localhost:27017 | practica3_development.insert | SUCCEEDED | 0.000448s
Redirected to http://localhost:3000/operation
Completed 302 Found in 2ms


Started GET "/operation" for ::1 at 2016-05-05 18:05:13 +0200
Processing by OperationController#new as HTML
MONGODB | localhost:27017 | practica3_development.insert | STARTED | {"insert"=>"operations", "documents"=>[{"_id"=>BSON::ObjectId('572b6f39d67adf05d38062ae'), "_op"=>:add, "op1"=>1, "op2"=>3, "t0"=>2016-05-05 16:05:13 UTC}], "ordered"=>true}
MONGODB | localhost:27017 | practica3_development.insert | SUCCEEDED | 0.000495s
Redirected to http://localhost:3000/operation
Completed 302 Found in 2ms


Started GET "/operation" for ::1 at 2016-05-05 18:05:13 +0200
Processing by OperationController#new as HTML
MONGODB | localhost:27017 | practica3_development.insert | STARTED | {"insert"=>"operations", "documents"=>[{"_id"=>BSON::ObjectId('572b6f39d67adf05d38062af'), "_op"=>:add, "op1"=>3, "op2"=>1, "t0"=>2016-05-05 16:05:13 UTC}], "ordered"=>true}
MONGODB | localhost:27017 | practica3_development.insert | SUCCEEDED | 0.0005110000000000001s
Redirected to http://localhost:3000/operation
Completed 302 Found in 3ms


Started GET "/operation" for ::1 at 2016-05-05 18:05:13 +0200
Processing by OperationController#new as HTML
MONGODB | localhost:27017 | practica3_development.insert | STARTED | {"insert"=>"operations", "documents"=>[{"_id"=>BSON::ObjectId('572b6f39d67adf05d38062b0'), "_op"=>:add, "op1"=>6, "op2"=>2, "t0"=>2016-05-05 16:05:13 UTC}], "ordered"=>true}
MONGODB | localhost:27017 | practica3_development.insert | SUCCEEDED | 0.000482s
Redirected to http://localhost:3000/operation
Completed 302 Found in 2ms


Started GET "/operation" for ::1 at 2016-05-05 18:05:13 +0200
Processing by OperationController#new as HTML
MONGODB | localhost:27017 | practica3_development.insert | STARTED | {"insert"=>"operations", "documents"=>[{"_id"=>BSON::ObjectId('572b6f39d67adf05d38062b1'), "_op"=>:add, "op1"=>8, "op2"=>8, "t0"=>2016-05-05 16:05:13 UTC}], "ordered"=>true}
MONGODB | localhost:27017 | practica3_development.insert | SUCCEEDED | 0.000513s
Redirected to http://localhost:3000/operation
Completed 302 Found in 2ms


Started GET "/operation" for ::1 at 2016-05-05 18:05:13 +0200
Processing by OperationController#new as HTML
MONGODB | localhost:27017 | practica3_development.insert | STARTED | {"insert"=>"operations", "documents"=>[{"_id"=>BSON::ObjectId('572b6f39d67adf05d38062b2'), "_op"=>:add, "op1"=>0, "op2"=>7, "t0"=>2016-05-05 16:05:13 UTC}], "ordered"=>true}
MONGODB | localhost:27017 | practica3_development.insert | SUCCEEDED | 0.00047400000000000003s
Redirected to http://localhost:3000/operation
Completed 302 Found in 2ms


Started GET "/operation" for ::1 at 2016-05-05 18:05:13 +0200
Processing by OperationController#new as HTML
MONGODB | localhost:27017 | practica3_development.insert | STARTED | {"insert"=>"operations", "documents"=>[{"_id"=>BSON::ObjectId('572b6f39d67adf05d38062b3'), "_op"=>:add, "op1"=>8, "op2"=>9, "t0"=>2016-05-05 16:05:13 UTC}], "ordered"=>true}
MONGODB | localhost:27017 | practica3_development.insert | SUCCEEDED | 0.000466s
Redirected to http://localhost:3000/operation
Completed 302 Found in 2ms


Started GET "/operation" for ::1 at 2016-05-05 18:05:15 +0200
Processing by OperationController#new as HTML
MONGODB | localhost:27017 | practica3_development.insert | STARTED | {"insert"=>"operations", "documents"=>[{"_id"=>BSON::ObjectId('572b6f3bd67adf05d38062b4'), "_op"=>:add, "op1"=>4, "op2"=>7, "t0"=>2016-05-05 16:05:15 UTC}], "ordered"=>true}
MONGODB | localhost:27017 | practica3_development.insert | SUCCEEDED | 0.000627s
Redirected to http://localhost:3000/operation
Completed 302 Found in 2ms


Started GET "/operation" for ::1 at 2016-05-05 18:05:15 +0200
Processing by OperationController#new as HTML
MONGODB | localhost:27017 | practica3_development.insert | STARTED | {"insert"=>"operations", "documents"=>[{"_id"=>BSON::ObjectId('572b6f3bd67adf05d38062b5'), "_op"=>:add, "op1"=>5, "op2"=>9, "t0"=>2016-05-05 16:05:15 UTC}], "ordered"=>true}
MONGODB | localhost:27017 | practica3_development.insert | SUCCEEDED | 0.00044500000000000003s
Redirected to http://localhost:3000/operation
Completed 302 Found in 2ms


Started GET "/operation" for ::1 at 2016-05-05 18:05:15 +0200
Processing by OperationController#new as HTML
MONGODB | localhost:27017 | practica3_development.insert | STARTED | {"insert"=>"operations", "documents"=>[{"_id"=>BSON::ObjectId('572b6f3bd67adf05d38062b6'), "_op"=>:add, "op1"=>1, "op2"=>7, "t0"=>2016-05-05 16:05:15 UTC}], "ordered"=>true}
MONGODB | localhost:27017 | practica3_development.insert | SUCCEEDED | 0.00048499999999999997s
Redirected to http://localhost:3000/operation
Completed 302 Found in 2ms


Started GET "/operation" for ::1 at 2016-05-05 18:05:15 +0200
Processing by OperationController#new as HTML
MONGODB | localhost:27017 | practica3_development.insert | STARTED | {"insert"=>"operations", "documents"=>[{"_id"=>BSON::ObjectId('572b6f3bd67adf05d38062b7'), "_op"=>:add, "op1"=>1, "op2"=>0, "t0"=>2016-05-05 16:05:15 UTC}], "ordered"=>true}
MONGODB | localhost:27017 | practica3_development.insert | SUCCEEDED | 0.000469s
Redirected to http://localhost:3000/operation
Completed 302 Found in 2ms


Started GET "/operation" for ::1 at 2016-05-05 18:05:15 +0200
Processing by OperationController#new as HTML
MONGODB | localhost:27017 | practica3_development.insert | STARTED | {"insert"=>"operations", "documents"=>[{"_id"=>BSON::ObjectId('572b6f3bd67adf05d38062b8'), "_op"=>:add, "op1"=>1, "op2"=>0, "t0"=>2016-05-05 16:05:15 UTC}], "ordered"=>true}
MONGODB | localhost:27017 | practica3_development.insert | SUCCEEDED | 0.000442s
Redirected to http://localhost:3000/operation
Completed 302 Found in 2ms


Started GET "/operation" for ::1 at 2016-05-05 18:05:15 +0200
Processing by OperationController#new as HTML
MONGODB | localhost:27017 | practica3_development.insert | STARTED | {"insert"=>"operations", "documents"=>[{"_id"=>BSON::ObjectId('572b6f3bd67adf05d38062b9'), "_op"=>:add, "op1"=>4, "op2"=>8, "t0"=>2016-05-05 16:05:15 UTC}], "ordered"=>true}
MONGODB | localhost:27017 | practica3_development.insert | SUCCEEDED | 0.0005110000000000001s
Redirected to http://localhost:3000/operation
Completed 302 Found in 2ms


Started GET "/operation" for ::1 at 2016-05-05 18:05:15 +0200
Processing by OperationController#new as HTML
MONGODB | localhost:27017 | practica3_development.insert | STARTED | {"insert"=>"operations", "documents"=>[{"_id"=>BSON::ObjectId('572b6f3bd67adf05d38062ba'), "_op"=>:add, "op1"=>1, "op2"=>9, "t0"=>2016-05-05 16:05:15 UTC}], "ordered"=>true}
MONGODB | localhost:27017 | practica3_development.insert | SUCCEEDED | 0.000522s
Redirected to http://localhost:3000/operation
Completed 302 Found in 2ms


Started GET "/operation" for ::1 at 2016-05-05 18:05:15 +0200
Processing by OperationController#new as HTML
MONGODB | localhost:27017 | practica3_development.insert | STARTED | {"insert"=>"operations", "documents"=>[{"_id"=>BSON::ObjectId('572b6f3bd67adf05d38062bb'), "_op"=>:add, "op1"=>7, "op2"=>0, "t0"=>2016-05-05 16:05:15 UTC}], "ordered"=>true}
MONGODB | localhost:27017 | practica3_development.insert | SUCCEEDED | 0.000557s
Redirected to http://localhost:3000/operation
Completed 302 Found in 2ms


Started GET "/operation" for ::1 at 2016-05-05 18:05:15 +0200
Processing by OperationController#new as HTML
MONGODB | localhost:27017 | practica3_development.insert | STARTED | {"insert"=>"operations", "documents"=>[{"_id"=>BSON::ObjectId('572b6f3bd67adf05d38062bc'), "_op"=>:add, "op1"=>0, "op2"=>5, "t0"=>2016-05-05 16:05:15 UTC}], "ordered"=>true}
MONGODB | localhost:27017 | practica3_development.insert | SUCCEEDED | 0.0009780000000000001s
Redirected to http://localhost:3000/operation
Completed 302 Found in 3ms


Started GET "/operation" for ::1 at 2016-05-05 18:05:15 +0200
Processing by OperationController#new as HTML
MONGODB | localhost:27017 | practica3_development.insert | STARTED | {"insert"=>"operations", "documents"=>[{"_id"=>BSON::ObjectId('572b6f3bd67adf05d38062bd'), "_op"=>:add, "op1"=>1, "op2"=>7, "t0"=>2016-05-05 16:05:15 UTC}], "ordered"=>true}
MONGODB | localhost:27017 | practica3_development.insert | SUCCEEDED | 0.000527s
Redirected to http://localhost:3000/operation
Completed 302 Found in 3ms


Started GET "/operation" for ::1 at 2016-05-05 18:05:15 +0200
Processing by OperationController#new as HTML
MONGODB | localhost:27017 | practica3_development.insert | STARTED | {"insert"=>"operations", "documents"=>[{"_id"=>BSON::ObjectId('572b6f3bd67adf05d38062be'), "_op"=>:add, "op1"=>3, "op2"=>3, "t0"=>2016-05-05 16:05:15 UTC}], "ordered"=>true}
MONGODB | localhost:27017 | practica3_development.insert | SUCCEEDED | 0.00045599999999999997s
Redirected to http://localhost:3000/operation
Completed 302 Found in 2ms


Started GET "/operation" for ::1 at 2016-05-05 18:05:15 +0200
Processing by OperationController#new as HTML
MONGODB | localhost:27017 | practica3_development.insert | STARTED | {"insert"=>"operations", "documents"=>[{"_id"=>BSON::ObjectId('572b6f3bd67adf05d38062bf'), "_op"=>:add, "op1"=>6, "op2"=>8, "t0"=>2016-05-05 16:05:15 UTC}], "ordered"=>true}
MONGODB | localhost:27017 | practica3_development.insert | SUCCEEDED | 0.00047599999999999997s
Redirected to http://localhost:3000/operation
Completed 302 Found in 3ms


Started GET "/operation" for ::1 at 2016-05-05 18:05:15 +0200
Processing by OperationController#new as HTML
MONGODB | localhost:27017 | practica3_development.insert | STARTED | {"insert"=>"operations", "documents"=>[{"_id"=>BSON::ObjectId('572b6f3bd67adf05d38062c0'), "_op"=>:add, "op1"=>5, "op2"=>2, "t0"=>2016-05-05 16:05:15 UTC}], "ordered"=>true}
MONGODB | localhost:27017 | practica3_development.insert | SUCCEEDED | 0.00051s
Redirected to http://localhost:3000/operation
Completed 302 Found in 3ms


Started GET "/operation" for ::1 at 2016-05-05 18:05:16 +0200
Processing by OperationController#new as HTML
MONGODB | localhost:27017 | practica3_development.insert | STARTED | {"insert"=>"operations", "documents"=>[{"_id"=>BSON::ObjectId('572b6f3cd67adf05d38062c1'), "_op"=>:add, "op1"=>6, "op2"=>6, "t0"=>2016-05-05 16:05:16 UTC}], "ordered"=>true}
MONGODB | localhost:27017 | practica3_development.insert | SUCCEEDED | 0.000548s
Redirected to http://localhost:3000/operation
Completed 302 Found in 3ms


Started GET "/operation" for ::1 at 2016-05-05 18:05:16 +0200
Processing by OperationController#new as HTML
MONGODB | localhost:27017 | practica3_development.insert | STARTED | {"insert"=>"operations", "documents"=>[{"_id"=>BSON::ObjectId('572b6f3cd67adf05d38062c2'), "_op"=>:add, "op1"=>8, "op2"=>5, "t0"=>2016-05-05 16:05:16 UTC}], "ordered"=>true}
MONGODB | localhost:27017 | practica3_development.insert | SUCCEEDED | 0.000455s
Redirected to http://localhost:3000/operation
Completed 302 Found in 2ms


Started GET "/operation" for ::1 at 2016-05-05 18:05:16 +0200
Processing by OperationController#new as HTML
MONGODB | localhost:27017 | practica3_development.insert | STARTED | {"insert"=>"operations", "documents"=>[{"_id"=>BSON::ObjectId('572b6f3cd67adf05d38062c3'), "_op"=>:add, "op1"=>3, "op2"=>3, "t0"=>2016-05-05 16:05:16 UTC}], "ordered"=>true}
MONGODB | localhost:27017 | practica3_development.insert | SUCCEEDED | 0.0004980000000000001s
Redirected to http://localhost:3000/operation
Completed 302 Found in 2ms


Started GET "/operation" for ::1 at 2016-05-05 18:05:16 +0200
Processing by OperationController#new as HTML
MONGODB | localhost:27017 | practica3_development.insert | STARTED | {"insert"=>"operations", "documents"=>[{"_id"=>BSON::ObjectId('572b6f3cd67adf05d38062c4'), "_op"=>:add, "op1"=>3, "op2"=>6, "t0"=>2016-05-05 16:05:16 UTC}], "ordered"=>true}
MONGODB | localhost:27017 | practica3_development.insert | SUCCEEDED | 0.00045200000000000004s
Redirected to http://localhost:3000/operation
Completed 302 Found in 2ms
